<?xml version="1.0" encoding="UTF-8"?>
<!-- Generated by org.testng.reporters.JUnitXMLReporter -->
<testsuite hostname="SAGAR-AHUJA" ignored="0" name="Default test" tests="5" failures="0" timestamp="24 Nov 2018 10:35:20 GMT" time="117.394" errors="0">
  <testcase name="userIDTextTest" time="0.1" classname="com.crm.qa.test.ContactsPageTest"/>
  <testcase name="checkBoxSelectionTest" time="0.336" classname="com.crm.qa.test.ContactsPageTest"/>
  <testcase name="createNewContactTest" time="4.792" classname="com.crm.qa.test.ContactsPageTest"/>
  <testcase name="createNewContactTest" time="5.182" classname="com.crm.qa.test.ContactsPageTest"/>
  <testcase name="createNewContactTest" time="3.976" classname="com.crm.qa.test.ContactsPageTest"/>
</testsuite> <!-- Default test -->
